#
# There is insufficient memory for the Java Runtime Environment to continue.
# Native memory allocation (malloc) failed to allocate 161376 bytes. Error detail: Chunk::new
# Possible reasons:
#   The system is out of physical RAM or swap space
#   This process is running with CompressedOops enabled, and the Java Heap may be blocking the growth of the native heap
# Possible solutions:
#   Reduce memory load on the system
#   Increase physical memory or swap space
#   Check if swap backing store is full
#   Decrease Java heap size (-Xmx/-Xms)
#   Decrease number of Java threads
#   Decrease Java thread stack sizes (-Xss)
#   Set larger code cache with -XX:ReservedCodeCacheSize=
#   JVM is running with Zero Based Compressed Oops mode in which the Java heap is
#     placed in the first 32GB address space. The Java Heap base address is the
#     maximum limit for the native heap growth. Please use -XX:HeapBaseMinAddress
#     to set the Java Heap base and to place the Java Heap above 32GB virtual address.
# This output file may be truncated or incomplete.
#
#  Out of Memory Error (arena.cpp:168), pid=31772, tid=18844
#
# JRE version: OpenJDK Runtime Environment Temurin-21.0.11+10 (21.0.11+10) (build 21.0.11+10-LTS)
# Java VM: OpenJDK 64-Bit Server VM Temurin-21.0.11+10 (21.0.11+10-LTS, mixed mode, sharing, tiered, compressed oops, compressed class ptrs, g1 gc, windows-amd64)
# No core dump will be written. Minidumps are not enabled by default on client versions of Windows
#

---------------  S U M M A R Y ------------

Command Line: -Dsun.java2d.noddraw=true -Drs254.logDir=C:\Users\Callum\Downloads\Project\Github\Progressive-Java-Client\logs --enable-native-access=ALL-UNNAMED --add-opens=java.base/java.lang=ALL-UNNAMED --add-opens=java.base/java.lang.reflect=ALL-UNNAMED -XX:ErrorFile=C:\Users\Callum\Downloads\Project\Github\Progressive-Java-Client\logs\jvm_crash_%p.log target\Progressive-Java-Client.jar 10 0 highmem members 32

Host: AMD Ryzen 5 5600G with Radeon Graphics         , 12 cores, 15G,  Windows 11 , 64 bit Build 26100 (10.0.26100.8328)
Time: Tue Jun  2 00:57:14 2026 GMT Summer Time elapsed time: 0.433934 seconds (0d 0h 0m 0s)

---------------  T H R E A D  ---------------

Current thread (0x000000006ad1ae50):  JavaThread "C2 CompilerThread1" daemon [_thread_in_native, id=18844, stack(0x000000006b3a0000,0x000000006b4a0000) (1024K)]


Current CompileTask:
C2:433  935       4       java.util.HashMap::put (13 bytes)

Stack: [0x000000006b3a0000,0x000000006b4a0000]
Native frames: (J=compiled Java code, j=interpreted, Vv=VM code, C=native code)
V  [jvm.dll+0x6d7e19]
V  [jvm.dll+0x8b5096]
V  [jvm.dll+0x8b764e]
V  [jvm.dll+0x8b7d33]
V  [jvm.dll+0x284596]
V  [jvm.dll+0xc685d]
V  [jvm.dll+0xc6da1]
V  [jvm.dll+0x2fb4ee]
V  [jvm.dll+0x5fe9a4]
V  [jvm.dll+0x255d67]
V  [jvm.dll+0x24e0f4]
V  [jvm.dll+0x24bbe6]
V  [jvm.dll+0x1cb4ae]
V  [jvm.dll+0x25baad]
V  [jvm.dll+0x25a03a]
V  [jvm.dll+0x3f868e]
V  [jvm.dll+0x85fb0d]
V  [jvm.dll+0x6d664d]
C  [ucrtbase.dll+0x37b0]
C  [KERNEL32.DLL+0x2e957]
C  [ntdll.dll+0x427c]


---------------  P R O C E S S  ---------------

Threads class SMR info:
_java_thread_list=0x000000006ad13a70, length=18, elements={
0x00000000227f8090, 0x00000000227f9a10, 0x00000000228001c0, 0x00000000228024c0,
0x000000002280e100, 0x0000000022810d20, 0x00000000228127c0, 0x00000000228180c0,
0x0000000068636bd0, 0x000000006863e040, 0x000000006872f590, 0x0000000068870d40,
0x0000000068879e90, 0x000000006887da00, 0x00000000688ab2b0, 0x00000000688d3ac0,
0x0000000000629110, 0x000000006ad1ae50
}

Java Threads: ( => current thread )
  0x00000000227f8090 JavaThread "Reference Handler"          daemon [_thread_blocked, id=25844, stack(0x0000000022c30000,0x0000000022d30000) (1024K)]
  0x00000000227f9a10 JavaThread "Finalizer"                  daemon [_thread_blocked, id=13640, stack(0x0000000022d30000,0x0000000022e30000) (1024K)]
  0x00000000228001c0 JavaThread "Signal Dispatcher"          daemon [_thread_blocked, id=8308, stack(0x0000000022e30000,0x0000000022f30000) (1024K)]
  0x00000000228024c0 JavaThread "Attach Listener"            daemon [_thread_blocked, id=33704, stack(0x0000000068000000,0x0000000068100000) (1024K)]
  0x000000002280e100 JavaThread "Service Thread"             daemon [_thread_blocked, id=9112, stack(0x0000000068100000,0x0000000068200000) (1024K)]
  0x0000000022810d20 JavaThread "Monitor Deflation Thread"   daemon [_thread_blocked, id=22064, stack(0x0000000068200000,0x0000000068300000) (1024K)]
  0x00000000228127c0 JavaThread "C2 CompilerThread0"         daemon [_thread_blocked, id=20920, stack(0x0000000068300000,0x0000000068400000) (1024K)]
  0x00000000228180c0 JavaThread "C1 CompilerThread0"         daemon [_thread_in_vm, id=33580, stack(0x0000000068400000,0x0000000068500000) (1024K)]
  0x0000000068636bd0 JavaThread "Notification Thread"        daemon [_thread_blocked, id=24044, stack(0x0000000068900000,0x0000000068a00000) (1024K)]
  0x000000006863e040 JavaThread "Common-Cleaner"             daemon [_thread_blocked, id=15328, stack(0x0000000068a00000,0x0000000068b00000) (1024K)]
  0x000000006872f590 JavaThread "Thread-0"                   daemon [_thread_blocked, id=25432, stack(0x0000000068fa0000,0x00000000690a0000) (1024K)]
  0x0000000068870d40 JavaThread "Java2D Disposer"            daemon [_thread_blocked, id=2720, stack(0x00000000690a0000,0x00000000691a0000) (1024K)]
  0x0000000068879e90 JavaThread "AWT-Shutdown"                      [_thread_blocked, id=15384, stack(0x0000000069270000,0x0000000069370000) (1024K)]
  0x000000006887da00 JavaThread "AWT-Windows"                daemon [_thread_in_native, id=24948, stack(0x0000000069370000,0x0000000069470000) (1024K)]
  0x00000000688ab2b0 JavaThread "AWT-EventQueue-0"                  [_thread_blocked, id=7488, stack(0x00000000695a0000,0x00000000696a0000) (1024K)]
  0x00000000688d3ac0 JavaThread "Thread-1"                          [_thread_in_vm, id=33768, stack(0x000000006aaa0000,0x000000006aba0000) (1024K)]
  0x0000000000629110 JavaThread "DestroyJavaVM"                     [_thread_blocked, id=3332, stack(0x0000000000cc0000,0x0000000000dc0000) (1024K)]
=>0x000000006ad1ae50 JavaThread "C2 CompilerThread1"         daemon [_thread_in_native, id=18844, stack(0x000000006b3a0000,0x000000006b4a0000) (1024K)]
Total: 18

Other Threads:
  0x00000000227dad60 VMThread "VM Thread"                           [id=24868, stack(0x0000000022b30000,0x0000000022c30000) (1024K)]
  0x00000000227c3070 WatcherThread "VM Periodic Task Thread"        [id=4052, stack(0x0000000022a30000,0x0000000022b30000) (1024K)]
  0x0000000002d57cc0 WorkerThread "GC Thread#0"                     [id=8024, stack(0x000000001f890000,0x000000001f990000) (1024K)]
  0x0000000002d69790 ConcurrentGCThread "G1 Main Marker"            [id=9896, stack(0x000000001f990000,0x000000001fa90000) (1024K)]
  0x0000000002d6a1b0 WorkerThread "G1 Conc#0"                       [id=27836, stack(0x000000001fa90000,0x000000001fb90000) (1024K)]
  0x00000000226925e0 ConcurrentGCThread "G1 Refine#0"               [id=23408, stack(0x0000000022830000,0x0000000022930000) (1024K)]
  0x0000000002dae6e0 ConcurrentGCThread "G1 Service"                [id=30204, stack(0x0000000022930000,0x0000000022a30000) (1024K)]
Total: 7

Threads with active compile tasks:
C1 CompilerThread0  445  970   !   3       java.util.zip.InflaterInputStream::read (129 bytes)
C2 CompilerThread1  445  935       4       java.util.HashMap::put (13 bytes)
Total: 2

VM state: not at safepoint (normal execution)

VM Mutex/Monitor currently owned by a thread:  ([mutex/lock_event])
[0x00007ffac212d4f0] Metaspace_lock - owner thread: 0x00000000228180c0

Heap address: 0x0000000703200000, size: 4046 MB, Compressed Oops mode: Zero based, Oop shift amount: 3

CDS archive(s) mapped at: [0x0000000023000000-0x0000000023c80000-0x0000000023c80000), size 13107200, SharedBaseAddress: 0x0000000023000000, ArchiveRelocationMode: 1.
Compressed class space mapped at: 0x0000000024000000-0x0000000064000000, reserved size: 1073741824
Narrow klass base: 0x0000000023000000, Narrow klass shift: 0, Narrow klass range: 0x100000000

GC Precious Log:
 CardTable entry size: 512
 Card Set container configuration: InlinePtr #cards 4 size 8 Array Of Cards #cards 16 size 48 Howl #buckets 8 coarsen threshold 3686 Howl Bitmap #cards 512 size 80 coarsen threshold 460 Card regions per heap region 1 cards per card region 4096
 CPUs: 12 total, 12 available
 Memory: 16176M
 Large Page Support: Disabled
 NUMA Support: Disabled
 Compressed Oops: Enabled (Zero based)
 Heap Region Size: 2M
 Heap Min Capacity: 8M
 Heap Initial Capacity: 254M
 Heap Max Capacity: 4046M
 Pre-touch: Disabled
 Parallel Workers: 10
 Concurrent Workers: 3
 Concurrent Refinement Workers: 10
 Periodic GC: Disabled

Heap:
 garbage-first heap   total 260096K, used 20480K [0x0000000703200000, 0x0000000800000000)
  region size 2048K, 10 young (20480K), 0 survivors (0K)
 Metaspace       used 7027K, committed 7232K, reserved 1114112K
  class space    used 694K, committed 832K, reserved 1048576K

Heap Regions: E=young(eden), S=young(survivor), O=old, HS=humongous(starts), HC=humongous(continues), CS=collection set, F=free, TAMS=top-at-mark-start, PB=parsable bottom
|   0|0x0000000703200000, 0x0000000703400000, 0x0000000703400000|100%|HS|  |TAMS 0x0000000703200000| PB 0x0000000703200000| Complete 
|   1|0x0000000703400000, 0x0000000703600000, 0x0000000703600000|100%|HS|  |TAMS 0x0000000703400000| PB 0x0000000703400000| Complete 
|   2|0x0000000703600000, 0x0000000703600000, 0x0000000703800000|  0%| F|  |TAMS 0x0000000703600000| PB 0x0000000703600000| Untracked 
|   3|0x0000000703800000, 0x0000000703800000, 0x0000000703a00000|  0%| F|  |TAMS 0x0000000703800000| PB 0x0000000703800000| Untracked 
|   4|0x0000000703a00000, 0x0000000703a00000, 0x0000000703c00000|  0%| F|  |TAMS 0x0000000703a00000| PB 0x0000000703a00000| Untracked 
|   5|0x0000000703c00000, 0x0000000703c00000, 0x0000000703e00000|  0%| F|  |TAMS 0x0000000703c00000| PB 0x0000000703c00000| Untracked 
|   6|0x0000000703e00000, 0x0000000703e00000, 0x0000000704000000|  0%| F|  |TAMS 0x0000000703e00000| PB 0x0000000703e00000| Untracked 
|   7|0x0000000704000000, 0x0000000704000000, 0x0000000704200000|  0%| F|  |TAMS 0x0000000704000000| PB 0x0000000704000000| Untracked 
|   8|0x0000000704200000, 0x0000000704200000, 0x0000000704400000|  0%| F|  |TAMS 0x0000000704200000| PB 0x0000000704200000| Untracked 
|   9|0x0000000704400000, 0x0000000704400000, 0x0000000704600000|  0%| F|  |TAMS 0x0000000704400000| PB 0x0000000704400000| Untracked 
|  10|0x0000000704600000, 0x0000000704600000, 0x0000000704800000|  0%| F|  |TAMS 0x0000000704600000| PB 0x0000000704600000| Untracked 
|  11|0x0000000704800000, 0x0000000704800000, 0x0000000704a00000|  0%| F|  |TAMS 0x0000000704800000| PB 0x0000000704800000| Untracked 
|  12|0x0000000704a00000, 0x0000000704a00000, 0x0000000704c00000|  0%| F|  |TAMS 0x0000000704a00000| PB 0x0000000704a00000| Untracked 
|  13|0x0000000704c00000, 0x0000000704c00000, 0x0000000704e00000|  0%| F|  |TAMS 0x0000000704c00000| PB 0x0000000704c00000| Untracked 
|  14|0x0000000704e00000, 0x0000000704e00000, 0x0000000705000000|  0%| F|  |TAMS 0x0000000704e00000| PB 0x0000000704e00000| Untracked 
|  15|0x0000000705000000, 0x0000000705000000, 0x0000000705200000|  0%| F|  |TAMS 0x0000000705000000| PB 0x0000000705000000| Untracked 
|  16|0x0000000705200000, 0x0000000705200000, 0x0000000705400000|  0%| F|  |TAMS 0x0000000705200000| PB 0x0000000705200000| Untracked 
|  17|0x0000000705400000, 0x0000000705400000, 0x0000000705600000|  0%| F|  |TAMS 0x0000000705400000| PB 0x0000000705400000| Untracked 
|  18|0x0000000705600000, 0x0000000705600000, 0x0000000705800000|  0%| F|  |TAMS 0x0000000705600000| PB 0x0000000705600000| Untracked 
|  19|0x0000000705800000, 0x0000000705800000, 0x0000000705a00000|  0%| F|  |TAMS 0x0000000705800000| PB 0x0000000705800000| Untracked 
|  20|0x0000000705a00000, 0x0000000705a00000, 0x0000000705c00000|  0%| F|  |TAMS 0x0000000705a00000| PB 0x0000000705a00000| Untracked 
|  21|0x0000000705c00000, 0x0000000705c00000, 0x0000000705e00000|  0%| F|  |TAMS 0x0000000705c00000| PB 0x0000000705c00000| Untracked 
|  22|0x0000000705e00000, 0x0000000705e00000, 0x0000000706000000|  0%| F|  |TAMS 0x0000000705e00000| PB 0x0000000705e00000| Untracked 
|  23|0x0000000706000000, 0x0000000706000000, 0x0000000706200000|  0%| F|  |TAMS 0x0000000706000000| PB 0x0000000706000000| Untracked 
|  24|0x0000000706200000, 0x0000000706200000, 0x0000000706400000|  0%| F|  |TAMS 0x0000000706200000| PB 0x0000000706200000| Untracked 
|  25|0x0000000706400000, 0x0000000706400000, 0x0000000706600000|  0%| F|  |TAMS 0x0000000706400000| PB 0x0000000706400000| Untracked 
|  26|0x0000000706600000, 0x0000000706600000, 0x0000000706800000|  0%| F|  |TAMS 0x0000000706600000| PB 0x0000000706600000| Untracked 
|  27|0x0000000706800000, 0x0000000706800000, 0x0000000706a00000|  0%| F|  |TAMS 0x0000000706800000| PB 0x0000000706800000| Untracked 
|  28|0x0000000706a00000, 0x0000000706a00000, 0x0000000706c00000|  0%| F|  |TAMS 0x0000000706a00000| PB 0x0000000706a00000| Untracked 
|  29|0x0000000706c00000, 0x0000000706c00000, 0x0000000706e00000|  0%| F|  |TAMS 0x0000000706c00000| PB 0x0000000706c00000| Untracked 
|  30|0x0000000706e00000, 0x0000000706e00000, 0x0000000707000000|  0%| F|  |TAMS 0x0000000706e00000| PB 0x0000000706e00000| Untracked 
|  31|0x0000000707000000, 0x0000000707000000, 0x0000000707200000|  0%| F|  |TAMS 0x0000000707000000| PB 0x0000000707000000| Untracked 
|  32|0x0000000707200000, 0x0000000707200000, 0x0000000707400000|  0%| F|  |TAMS 0x0000000707200000| PB 0x0000000707200000| Untracked 
|  33|0x0000000707400000, 0x0000000707400000, 0x0000000707600000|  0%| F|  |TAMS 0x0000000707400000| PB 0x0000000707400000| Untracked 
|  34|0x0000000707600000, 0x0000000707600000, 0x0000000707800000|  0%| F|  |TAMS 0x0000000707600000| PB 0x0000000707600000| Untracked 
|  35|0x0000000707800000, 0x0000000707800000, 0x0000000707a00000|  0%| F|  |TAMS 0x0000000707800000| PB 0x0000000707800000| Untracked 
|  36|0x0000000707a00000, 0x0000000707a00000, 0x0000000707c00000|  0%| F|  |TAMS 0x0000000707a00000| PB 0x0000000707a00000| Untracked 
|  37|0x0000000707c00000, 0x0000000707c00000, 0x0000000707e00000|  0%| F|  |TAMS 0x0000000707c00000| PB 0x0000000707c00000| Untracked 
|  38|0x0000000707e00000, 0x0000000707e00000, 0x0000000708000000|  0%| F|  |TAMS 0x0000000707e00000| PB 0x0000000707e00000| Untracked 
|  39|0x0000000708000000, 0x0000000708000000, 0x0000000708200000|  0%| F|  |TAMS 0x0000000708000000| PB 0x0000000708000000| Untracked 
|  40|0x0000000708200000, 0x0000000708200000, 0x0000000708400000|  0%| F|  |TAMS 0x0000000708200000| PB 0x0000000708200000| Untracked 
|  41|0x0000000708400000, 0x0000000708400000, 0x0000000708600000|  0%| F|  |TAMS 0x0000000708400000| PB 0x0000000708400000| Untracked 
|  42|0x0000000708600000, 0x0000000708600000, 0x0000000708800000|  0%| F|  |TAMS 0x0000000708600000| PB 0x0000000708600000| Untracked 
|  43|0x0000000708800000, 0x0000000708800000, 0x0000000708a00000|  0%| F|  |TAMS 0x0000000708800000| PB 0x0000000708800000| Untracked 
|  44|0x0000000708a00000, 0x0000000708a00000, 0x0000000708c00000|  0%| F|  |TAMS 0x0000000708a00000| PB 0x0000000708a00000| Untracked 
|  45|0x0000000708c00000, 0x0000000708c00000, 0x0000000708e00000|  0%| F|  |TAMS 0x0000000708c00000| PB 0x0000000708c00000| Untracked 
|  46|0x0000000708e00000, 0x0000000708e00000, 0x0000000709000000|  0%| F|  |TAMS 0x0000000708e00000| PB 0x0000000708e00000| Untracked 
|  47|0x0000000709000000, 0x0000000709000000, 0x0000000709200000|  0%| F|  |TAMS 0x0000000709000000| PB 0x0000000709000000| Untracked 
|  48|0x0000000709200000, 0x0000000709200000, 0x0000000709400000|  0%| F|  |TAMS 0x0000000709200000| PB 0x0000000709200000| Untracked 
|  49|0x0000000709400000, 0x0000000709400000, 0x0000000709600000|  0%| F|  |TAMS 0x0000000709400000| PB 0x0000000709400000| Untracked 
|  50|0x0000000709600000, 0x0000000709600000, 0x0000000709800000|  0%| F|  |TAMS 0x0000000709600000| PB 0x0000000709600000| Untracked 
|  51|0x0000000709800000, 0x0000000709800000, 0x0000000709a00000|  0%| F|  |TAMS 0x0000000709800000| PB 0x0000000709800000| Untracked 
|  52|0x0000000709a00000, 0x0000000709a00000, 0x0000000709c00000|  0%| F|  |TAMS 0x0000000709a00000| PB 0x0000000709a00000| Untracked 
|  53|0x0000000709c00000, 0x0000000709c00000, 0x0000000709e00000|  0%| F|  |TAMS 0x0000000709c00000| PB 0x0000000709c00000| Untracked 
|  54|0x0000000709e00000, 0x0000000709e00000, 0x000000070a000000|  0%| F|  |TAMS 0x0000000709e00000| PB 0x0000000709e00000| Untracked 
|  55|0x000000070a000000, 0x000000070a000000, 0x000000070a200000|  0%| F|  |TAMS 0x000000070a000000| PB 0x000000070a000000| Untracked 
|  56|0x000000070a200000, 0x000000070a200000, 0x000000070a400000|  0%| F|  |TAMS 0x000000070a200000| PB 0x000000070a200000| Untracked 
|  57|0x000000070a400000, 0x000000070a400000, 0x000000070a600000|  0%| F|  |TAMS 0x000000070a400000| PB 0x000000070a400000| Untracked 
|  58|0x000000070a600000, 0x000000070a600000, 0x000000070a800000|  0%| F|  |TAMS 0x000000070a600000| PB 0x000000070a600000| Untracked 
|  59|0x000000070a800000, 0x000000070a800000, 0x000000070aa00000|  0%| F|  |TAMS 0x000000070a800000| PB 0x000000070a800000| Untracked 
|  60|0x000000070aa00000, 0x000000070aa00000, 0x000000070ac00000|  0%| F|  |TAMS 0x000000070aa00000| PB 0x000000070aa00000| Untracked 
|  61|0x000000070ac00000, 0x000000070ac00000, 0x000000070ae00000|  0%| F|  |TAMS 0x000000070ac00000| PB 0x000000070ac00000| Untracked 
|  62|0x000000070ae00000, 0x000000070ae00000, 0x000000070b000000|  0%| F|  |TAMS 0x000000070ae00000| PB 0x000000070ae00000| Untracked 
|  63|0x000000070b000000, 0x000000070b000000, 0x000000070b200000|  0%| F|  |TAMS 0x000000070b000000| PB 0x000000070b000000| Untracked 
|  64|0x000000070b200000, 0x000000070b200000, 0x000000070b400000|  0%| F|  |TAMS 0x000000070b200000| PB 0x000000070b200000| Untracked 
|  65|0x000000070b400000, 0x000000070b400000, 0x000000070b600000|  0%| F|  |TAMS 0x000000070b400000| PB 0x000000070b400000| Untracked 
|  66|0x000000070b600000, 0x000000070b600000, 0x000000070b800000|  0%| F|  |TAMS 0x000000070b600000| PB 0x000000070b600000| Untracked 
|  67|0x000000070b800000, 0x000000070b800000, 0x000000070ba00000|  0%| F|  |TAMS 0x000000070b800000| PB 0x000000070b800000| Untracked 
|  68|0x000000070ba00000, 0x000000070ba00000, 0x000000070bc00000|  0%| F|  |TAMS 0x000000070ba00000| PB 0x000000070ba00000| Untracked 
|  69|0x000000070bc00000, 0x000000070bc00000, 0x000000070be00000|  0%| F|  |TAMS 0x000000070bc00000| PB 0x000000070bc00000| Untracked 
|  70|0x000000070be00000, 0x000000070be00000, 0x000000070c000000|  0%| F|  |TAMS 0x000000070be00000| PB 0x000000070be00000| Untracked 
|  71|0x000000070c000000, 0x000000070c000000, 0x000000070c200000|  0%| F|  |TAMS 0x000000070c000000| PB 0x000000070c000000| Untracked 
|  72|0x000000070c200000, 0x000000070c200000, 0x000000070c400000|  0%| F|  |TAMS 0x000000070c200000| PB 0x000000070c200000| Untracked 
|  73|0x000000070c400000, 0x000000070c400000, 0x000000070c600000|  0%| F|  |TAMS 0x000000070c400000| PB 0x000000070c400000| Untracked 
|  74|0x000000070c600000, 0x000000070c600000, 0x000000070c800000|  0%| F|  |TAMS 0x000000070c600000| PB 0x000000070c600000| Untracked 
|  75|0x000000070c800000, 0x000000070c800000, 0x000000070ca00000|  0%| F|  |TAMS 0x000000070c800000| PB 0x000000070c800000| Untracked 
|  76|0x000000070ca00000, 0x000000070ca00000, 0x000000070cc00000|  0%| F|  |TAMS 0x000000070ca00000| PB 0x000000070ca00000| Untracked 
|  77|0x000000070cc00000, 0x000000070cc00000, 0x000000070ce00000|  0%| F|  |TAMS 0x000000070cc00000| PB 0x000000070cc00000| Untracked 
|  78|0x000000070ce00000, 0x000000070ce00000, 0x000000070d000000|  0%| F|  |TAMS 0x000000070ce00000| PB 0x000000070ce00000| Untracked 
|  79|0x000000070d000000, 0x000000070d000000, 0x000000070d200000|  0%| F|  |TAMS 0x000000070d000000| PB 0x000000070d000000| Untracked 
|  80|0x000000070d200000, 0x000000070d200000, 0x000000070d400000|  0%| F|  |TAMS 0x000000070d200000| PB 0x000000070d200000| Untracked 
|  81|0x000000070d400000, 0x000000070d400000, 0x000000070d600000|  0%| F|  |TAMS 0x000000070d400000| PB 0x000000070d400000| Untracked 
|  82|0x000000070d600000, 0x000000070d600000, 0x000000070d800000|  0%| F|  |TAMS 0x000000070d600000| PB 0x000000070d600000| Untracked 
|  83|0x000000070d800000, 0x000000070d800000, 0x000000070da00000|  0%| F|  |TAMS 0x000000070d800000| PB 0x000000070d800000| Untracked 
|  84|0x000000070da00000, 0x000000070da00000, 0x000000070dc00000|  0%| F|  |TAMS 0x000000070da00000| PB 0x000000070da00000| Untracked 
|  85|0x000000070dc00000, 0x000000070dc00000, 0x000000070de00000|  0%| F|  |TAMS 0x000000070dc00000| PB 0x000000070dc00000| Untracked 
|  86|0x000000070de00000, 0x000000070de00000, 0x000000070e000000|  0%| F|  |TAMS 0x000000070de00000| PB 0x000000070de00000| Untracked 
|  87|0x000000070e000000, 0x000000070e000000, 0x000000070e200000|  0%| F|  |TAMS 0x000000070e000000| PB 0x000000070e000000| Untracked 
|  88|0x000000070e200000, 0x000000070e200000, 0x000000070e400000|  0%| F|  |TAMS 0x000000070e200000| PB 0x000000070e200000| Untracked 
|  89|0x000000070e400000, 0x000000070e400000, 0x000000070e600000|  0%| F|  |TAMS 0x000000070e400000| PB 0x000000070e400000| Untracked 
|  90|0x000000070e600000, 0x000000070e600000, 0x000000070e800000|  0%| F|  |TAMS 0x000000070e600000| PB 0x000000070e600000| Untracked 
|  91|0x000000070e800000, 0x000000070e800000, 0x000000070ea00000|  0%| F|  |TAMS 0x000000070e800000| PB 0x000000070e800000| Untracked 
|  92|0x000000070ea00000, 0x000000070ea00000, 0x000000070ec00000|  0%| F|  |TAMS 0x000000070ea00000| PB 0x000000070ea00000| Untracked 
|  93|0x000000070ec00000, 0x000000070ec00000, 0x000000070ee00000|  0%| F|  |TAMS 0x000000070ec00000| PB 0x000000070ec00000| Untracked 
|  94|0x000000070ee00000, 0x000000070ee00000, 0x000000070f000000|  0%| F|  |TAMS 0x000000070ee00000| PB 0x000000070ee00000| Untracked 
|  95|0x000000070f000000, 0x000000070f000000, 0x000000070f200000|  0%| F|  |TAMS 0x000000070f000000| PB 0x000000070f000000| Untracked 
|  96|0x000000070f200000, 0x000000070f200000, 0x000000070f400000|  0%| F|  |TAMS 0x000000070f200000| PB 0x000000070f200000| Untracked 
|  97|0x000000070f400000, 0x000000070f400000, 0x000000070f600000|  0%| F|  |TAMS 0x000000070f400000| PB 0x000000070f400000| Untracked 
|  98|0x000000070f600000, 0x000000070f600000, 0x000000070f800000|  0%| F|  |TAMS 0x000000070f600000| PB 0x000000070f600000| Untracked 
|  99|0x000000070f800000, 0x000000070f800000, 0x000000070fa00000|  0%| F|  |TAMS 0x000000070f800000| PB 0x000000070f800000| Untracked 
| 100|0x000000070fa00000, 0x000000070fa00000, 0x000000070fc00000|  0%| F|  |TAMS 0x000000070fa00000| PB 0x000000070fa00000| Untracked 
| 101|0x000000070fc00000, 0x000000070fc00000, 0x000000070fe00000|  0%| F|  |TAMS 0x000000070fc00000| PB 0x000000070fc00000| Untracked 
| 102|0x000000070fe00000, 0x000000070fe00000, 0x0000000710000000|  0%| F|  |TAMS 0x000000070fe00000| PB 0x000000070fe00000| Untracked 
| 103|0x0000000710000000, 0x0000000710000000, 0x0000000710200000|  0%| F|  |TAMS 0x0000000710000000| PB 0x0000000710000000| Untracked 
| 104|0x0000000710200000, 0x0000000710200000, 0x0000000710400000|  0%| F|  |TAMS 0x0000000710200000| PB 0x0000000710200000| Untracked 
| 105|0x0000000710400000, 0x0000000710400000, 0x0000000710600000|  0%| F|  |TAMS 0x0000000710400000| PB 0x0000000710400000| Untracked 
| 106|0x0000000710600000, 0x0000000710600000, 0x0000000710800000|  0%| F|  |TAMS 0x0000000710600000| PB 0x0000000710600000| Untracked 
| 107|0x0000000710800000, 0x0000000710800000, 0x0000000710a00000|  0%| F|  |TAMS 0x0000000710800000| PB 0x0000000710800000| Untracked 
| 108|0x0000000710a00000, 0x0000000710a00000, 0x0000000710c00000|  0%| F|  |TAMS 0x0000000710a00000| PB 0x0000000710a00000| Untracked 
| 109|0x0000000710c00000, 0x0000000710c00000, 0x0000000710e00000|  0%| F|  |TAMS 0x0000000710c00000| PB 0x0000000710c00000| Untracked 
| 110|0x0000000710e00000, 0x0000000710e00000, 0x0000000711000000|  0%| F|  |TAMS 0x0000000710e00000| PB 0x0000000710e00000| Untracked 
| 111|0x0000000711000000, 0x0000000711000000, 0x0000000711200000|  0%| F|  |TAMS 0x0000000711000000| PB 0x0000000711000000| Untracked 
| 112|0x0000000711200000, 0x0000000711200000, 0x0000000711400000|  0%| F|  |TAMS 0x0000000711200000| PB 0x0000000711200000| Untracked 
| 113|0x0000000711400000, 0x0000000711400000, 0x0000000711600000|  0%| F|  |TAMS 0x0000000711400000| PB 0x0000000711400000| Untracked 
| 114|0x0000000711600000, 0x0000000711600000, 0x0000000711800000|  0%| F|  |TAMS 0x0000000711600000| PB 0x0000000711600000| Untracked 
| 115|0x0000000711800000, 0x0000000711800000, 0x0000000711a00000|  0%| F|  |TAMS 0x0000000711800000| PB 0x0000000711800000| Untracked 
| 116|0x0000000711a00000, 0x0000000711a00000, 0x0000000711c00000|  0%| F|  |TAMS 0x0000000711a00000| PB 0x0000000711a00000| Untracked 
| 117|0x0000000711c00000, 0x0000000711ce2f90, 0x0000000711e00000| 44%| E|  |TAMS 0x0000000711c00000| PB 0x0000000711c00000| Complete 
| 118|0x0000000711e00000, 0x0000000712000000, 0x0000000712000000|100%| E|CS|TAMS 0x0000000711e00000| PB 0x0000000711e00000| Complete 
| 119|0x0000000712000000, 0x0000000712200000, 0x0000000712200000|100%| E|CS|TAMS 0x0000000712000000| PB 0x0000000712000000| Complete 
| 120|0x0000000712200000, 0x0000000712400000, 0x0000000712400000|100%| E|  |TAMS 0x0000000712200000| PB 0x0000000712200000| Complete 
| 121|0x0000000712400000, 0x0000000712600000, 0x0000000712600000|100%| E|CS|TAMS 0x0000000712400000| PB 0x0000000712400000| Complete 
| 122|0x0000000712600000, 0x0000000712800000, 0x0000000712800000|100%| E|CS|TAMS 0x0000000712600000| PB 0x0000000712600000| Complete 
| 123|0x0000000712800000, 0x0000000712a00000, 0x0000000712a00000|100%| E|CS|TAMS 0x0000000712800000| PB 0x0000000712800000| Complete 
| 124|0x0000000712a00000, 0x0000000712c00000, 0x0000000712c00000|100%| E|CS|TAMS 0x0000000712a00000| PB 0x0000000712a00000| Complete 
| 125|0x0000000712c00000, 0x0000000712e00000, 0x0000000712e00000|100%| E|CS|TAMS 0x0000000712c00000| PB 0x0000000712c00000| Complete 
| 126|0x0000000712e00000, 0x0000000713000000, 0x0000000713000000|100%| E|CS|TAMS 0x0000000712e00000| PB 0x0000000712e00000| Complete 

Card table byte_map: [0x000000001b160000,0x000000001b950000] _byte_map_base: 0x0000000017947000

Marking Bits: (CMBitMap*) 0x0000000002d582e0
 Bits: [0x000000001b950000, 0x000000001f888000)

Polling page: 0x0000000000a60000

Metaspace:

Usage:
  Non-class:      6.18 MB used.
      Class:    694.55 KB used.
       Both:      6.86 MB used.

Virtual space:
  Non-class space:       64.00 MB reserved,       6.25 MB ( 10%) committed,  1 nodes.
      Class space:        1.00 GB reserved,     832.00 KB ( <1%) committed,  1 nodes.
             Both:        1.06 GB reserved,       7.06 MB ( <1%) committed. 

Chunk freelists:
   Non-Class:  8.89 MB
       Class:  15.24 MB
        Both:  24.13 MB

MaxMetaspaceSize: unlimited
CompressedClassSpaceSize: 1.00 GB
Initial GC threshold: 21.00 MB
Current GC threshold: 21.00 MB
CDS: on
 - commit_granule_bytes: 65536.
 - commit_granule_words: 8192.
 - virtual_space_node_default_size: 8388608.
 - enlarge_chunks_in_place: 1.
 - use_allocation_guard: 0.


Internal statistics:

num_allocs_failed_limit: 0.
num_arena_births: 152.
num_arena_deaths: 0.
num_vsnodes_births: 2.
num_vsnodes_deaths: 0.
num_space_committed: 113.
num_space_uncommitted: 0.
num_chunks_returned_to_freelist: 0.
num_chunks_taken_from_freelist: 218.
num_chunk_merges: 0.
num_chunk_splits: 134.
num_chunks_enlarged: 66.
num_inconsistent_stats: 0.

CodeHeap 'non-profiled nmethods': size=120000Kb used=270Kb max_used=270Kb free=119729Kb
 bounds [0x0000000012ee0000, 0x0000000013150000, 0x000000001a410000]
CodeHeap 'profiled nmethods': size=120000Kb used=1503Kb max_used=1503Kb free=118496Kb
 bounds [0x000000000b410000, 0x000000000b680000, 0x0000000012940000]
CodeHeap 'non-nmethods': size=5760Kb used=1455Kb max_used=1465Kb free=4304Kb
 bounds [0x0000000012940000, 0x0000000012bb0000, 0x0000000012ee0000]
CodeCache: size=245760Kb, used=3228Kb, max_used=3238Kb, free=242529Kb
 total_blobs=1584, nmethods=968, adapters=521, full_count=0
Compilation: enabled, stopped_count=0, restarted_count=0

Compilation events (20 events):
Event: 0.430 Thread 0x000000006ad1ae50  940       4       sun.nio.cs.UnicodeDecoder::decode (24 bytes)
Event: 0.430 Thread 0x00000000228180c0 nmethod 942 0x000000000b57bd10 code [0x000000000b57bf80, 0x000000000b57c720]
Event: 0.430 Thread 0x00000000228180c0  944       3       jdk.internal.ref.PhantomCleanable::<init> (49 bytes)
Event: 0.430 Thread 0x000000006ad1ae50 nmethod 940 0x0000000012f20a90 code [0x0000000012f20c20, 0x0000000012f20cd8]
Event: 0.430 Thread 0x000000006ad1ae50  935       4       java.util.HashMap::put (13 bytes)
Event: 0.431 Thread 0x00000000228180c0 nmethod 944 0x000000000b57ca10 code [0x000000000b57cc80, 0x000000000b57d7c0]
Event: 0.431 Thread 0x00000000228180c0  943       3       java.lang.StringUTF16::hashCode (52 bytes)
Event: 0.431 Thread 0x00000000228180c0 nmethod 943 0x000000000b57db10 code [0x000000000b57dce0, 0x000000000b57def0]
Event: 0.432 Thread 0x00000000228180c0  946   !   3       java.io.RandomAccessFile::open (27 bytes)
Event: 0.432 Thread 0x00000000228180c0 nmethod 946 0x000000000b57df90 code [0x000000000b57e160, 0x000000000b57e390]
Event: 0.432 Thread 0x00000000228180c0  947       3       sun.nio.ch.FileChannelImpl::open (16 bytes)
Event: 0.432 Thread 0x00000000228180c0 nmethod 947 0x000000000b57e510 code [0x000000000b57e6c0, 0x000000000b57e878]
Event: 0.432 Thread 0x00000000228180c0  948       3       sun.nio.ch.FileChannelImpl::<init> (132 bytes)
Event: 0.432 Thread 0x00000000228180c0 nmethod 948 0x000000000b57e990 code [0x000000000b57ebe0, 0x000000000b57f7e8]
Event: 0.432 Thread 0x00000000228180c0  949       3       java.nio.channels.FileChannel::<init> (5 bytes)
Event: 0.432 Thread 0x00000000228180c0 nmethod 949 0x000000000b57fb90 code [0x000000000b57fd40, 0x000000000b580028]
Event: 0.432 Thread 0x00000000228180c0  950       3       java.nio.channels.spi.AbstractInterruptibleChannel::<init> (16 bytes)
Event: 0.433 Thread 0x00000000228180c0 nmethod 950 0x000000000b580190 code [0x000000000b580340, 0x000000000b5805c8]
Event: 0.433 Thread 0x00000000228180c0  951       3       sun.nio.ch.NativeThreadSet::<init> (17 bytes)
Event: 0.433 Thread 0x00000000228180c0 nmethod 951 0x000000000b580690 code [0x000000000b580840, 0x000000000b580ab0]

GC Heap History (0 events):
No events

Dll operation events (9 events):
Event: 0.005 Loaded shared library C:\Program Files\Eclipse Adoptium\jdk-21.0.11.10-hotspot\bin\java.dll
Event: 0.024 Loaded shared library C:\Program Files\Eclipse Adoptium\jdk-21.0.11.10-hotspot\bin\jsvml.dll
Event: 0.041 Loaded shared library C:\Program Files\Eclipse Adoptium\jdk-21.0.11.10-hotspot\bin\net.dll
Event: 0.043 Loaded shared library C:\Program Files\Eclipse Adoptium\jdk-21.0.11.10-hotspot\bin\nio.dll
Event: 0.047 Loaded shared library C:\Program Files\Eclipse Adoptium\jdk-21.0.11.10-hotspot\bin\zip.dll
Event: 0.087 Loaded shared library C:\Program Files\Eclipse Adoptium\jdk-21.0.11.10-hotspot\bin\jimage.dll
Event: 0.097 Loaded shared library C:\Program Files\Eclipse Adoptium\jdk-21.0.11.10-hotspot\bin\awt.dll
Event: 0.247 Loaded shared library C:\Program Files\Eclipse Adoptium\jdk-21.0.11.10-hotspot\bin\freetype.dll
Event: 0.248 Loaded shared library C:\Program Files\Eclipse Adoptium\jdk-21.0.11.10-hotspot\bin\fontmanager.dll

Deoptimization events (20 events):
Event: 0.049 Thread 0x0000000000629110 DEOPT PACKING pc=0x000000000b42afc9 sp=0x0000000000dbdd80
Event: 0.049 Thread 0x0000000000629110 DEOPT UNPACKING pc=0x0000000012994bc2 sp=0x0000000000dbd1f0 mode 0
Event: 0.049 Thread 0x0000000000629110 DEOPT PACKING pc=0x000000000b42afc9 sp=0x0000000000dbdd80
Event: 0.049 Thread 0x0000000000629110 DEOPT UNPACKING pc=0x0000000012994bc2 sp=0x0000000000dbd1f0 mode 0
Event: 0.292 Thread 0x00000000688d3ac0 DEOPT PACKING pc=0x000000000b42a17c sp=0x000000006ab9df20
Event: 0.292 Thread 0x00000000688d3ac0 DEOPT UNPACKING pc=0x0000000012994bc2 sp=0x000000006ab9d340 mode 0
Event: 0.366 Thread 0x00000000688d3ac0 DEOPT PACKING pc=0x000000000b428d4c sp=0x000000006ab9ea50
Event: 0.366 Thread 0x00000000688d3ac0 DEOPT UNPACKING pc=0x0000000012994bc2 sp=0x000000006ab9deb8 mode 0
Event: 0.409 Thread 0x00000000688d3ac0 Uncommon trap: trap_request=0xffffff45 fr.pc=0x0000000012eebd58 relative=0x00000000000000b8
Event: 0.409 Thread 0x00000000688d3ac0 Uncommon trap: reason=unstable_if action=reinterpret pc=0x0000000012eebd58 method=java.lang.String.hashCode()I @ 20 c2
Event: 0.409 Thread 0x00000000688d3ac0 DEOPT PACKING pc=0x0000000012eebd58 sp=0x000000006ab9ec70
Event: 0.409 Thread 0x00000000688d3ac0 DEOPT UNPACKING pc=0x0000000012994422 sp=0x000000006ab9ec00 mode 2
Event: 0.409 Thread 0x00000000688d3ac0 Uncommon trap: trap_request=0xffffff45 fr.pc=0x0000000012eeaa30 relative=0x0000000000000190
Event: 0.409 Thread 0x00000000688d3ac0 Uncommon trap: reason=unstable_if action=reinterpret pc=0x0000000012eeaa30 method=jdk.internal.util.ArraysSupport.vectorizedHashCode(Ljava/lang/Object;IIII)I @ 2 c2
Event: 0.409 Thread 0x00000000688d3ac0 DEOPT PACKING pc=0x0000000012eeaa30 sp=0x000000006ab9eb70
Event: 0.409 Thread 0x00000000688d3ac0 DEOPT UNPACKING pc=0x0000000012994422 sp=0x000000006ab9eb20 mode 2
Event: 0.428 Thread 0x00000000688d3ac0 Uncommon trap: trap_request=0xffffff45 fr.pc=0x0000000012f1faac relative=0x00000000000003cc
Event: 0.428 Thread 0x00000000688d3ac0 Uncommon trap: reason=unstable_if action=reinterpret pc=0x0000000012f1faac method=java.lang.Character.isSurrogate(C)Z @ 3 c2
Event: 0.428 Thread 0x00000000688d3ac0 DEOPT PACKING pc=0x0000000012f1faac sp=0x000000006ab9e7f0
Event: 0.428 Thread 0x00000000688d3ac0 DEOPT UNPACKING pc=0x0000000012994422 sp=0x000000006ab9e6f8 mode 2

Classes loaded (20 events):
Event: 0.329 Loading class sun/nio/cs/UnicodeDecoder done
Event: 0.330 Loading class sun/nio/cs/UTF_16$Decoder done
Event: 0.330 Loading class sun/font/FileFont$CreatedFontFileDisposerRecord
Event: 0.330 Loading class sun/font/FileFont$CreatedFontFileDisposerRecord done
Event: 0.330 Loading class sun/font/SunFontManager$7
Event: 0.330 Loading class sun/font/SunFontManager$7 done
Event: 0.337 Loading class sun/font/FontDesignMetrics
Event: 0.337 Loading class java/awt/FontMetrics
Event: 0.337 Loading class java/awt/FontMetrics done
Event: 0.337 Loading class sun/font/FontDesignMetrics done
Event: 0.337 Loading class sun/font/SunFontManager$FamilyDescription
Event: 0.337 Loading class sun/font/SunFontManager$FamilyDescription done
Event: 0.340 Loading class jdk/internal/foreign/MemorySessionImpl
Event: 0.340 Loading class java/lang/foreign/MemorySegment$Scope
Event: 0.340 Loading class java/lang/foreign/MemorySegment$Scope done
Event: 0.340 Loading class jdk/internal/foreign/MemorySessionImpl done
Event: 0.347 Loading class sun/font/SunFontManager$8
Event: 0.347 Loading class sun/font/SunFontManager$8 done
Event: 0.348 Loading class sun/font/SunFontManager$9
Event: 0.348 Loading class sun/font/SunFontManager$9 done

Classes unloaded (0 events):
No events

Classes redefined (0 events):
No events

Internal exceptions (9 events):
Event: 0.055 Thread 0x0000000000629110 Exception <a 'java/lang/NoSuchMethodError'{0x0000000712d264a0}: 'void java.lang.invoke.DirectMethodHandle$Holder.invokeStatic(java.lang.Object, java.lang.Object, java.lang.Object)'> (0x0000000712d264a0) 
thrown [s\src\hotspot\share\interpreter\linkResolver.cpp, line 773]
Event: 0.090 Thread 0x0000000000629110 Exception <a 'java/lang/ClassNotFoundException'{0x0000000712a23830}: sun/awt/resources/spi/awtProvider> (0x0000000712a23830) 
thrown [s\src\hotspot\share\classfile\systemDictionary.cpp, line 313]
Event: 0.101 Thread 0x0000000000629110 Exception <a 'java/io/FileNotFoundException'{0x0000000712a663c8}> (0x0000000712a663c8) 
thrown [s\src\hotspot\share\prims\jni.cpp, line 520]
Event: 0.104 Thread 0x0000000000629110 Exception <a 'java/io/FileNotFoundException'{0x0000000712a90e30}> (0x0000000712a90e30) 
thrown [s\src\hotspot\share\prims\jni.cpp, line 520]
Event: 0.234 Thread 0x000000006887da00 Exception <a 'java/lang/NoSuchMethodError'{0x000000071267f2d8}: 'void java.lang.invoke.DirectMethodHandle$Holder.invokeVirtual(java.lang.Object, java.lang.Object)'> (0x000000071267f2d8) 
thrown [s\src\hotspot\share\interpreter\linkResolver.cpp, line 773]
Event: 0.244 Thread 0x0000000000629110 Exception <a 'java/lang/NoSuchMethodError'{0x0000000712701f30}: 'void java.lang.invoke.DirectMethodHandle$Holder.invokeStaticInit(java.lang.Object)'> (0x0000000712701f30) 
thrown [s\src\hotspot\share\interpreter\linkResolver.cpp, line 773]
Event: 0.284 Thread 0x0000000000629110 Exception <a 'java/lang/NoSuchMethodError'{0x0000000712742238}: 'java.lang.Object java.lang.invoke.DirectMethodHandle$Holder.newInvokeSpecial(java.lang.Object, java.lang.Object, java.lang.Object, int, int, int, int, int)'> (0x0000000712742238) 
thrown [s\src\hotspot\share\interpreter\linkResolver.cpp, line 773]
Event: 0.309 Thread 0x00000000688d3ac0 Exception <a 'java/lang/NoSuchMethodError'{0x00000007124b54d8}: 'java.lang.Object java.lang.invoke.DirectMethodHandle$Holder.invokeStaticInit(java.lang.Object, int, int, int, int)'> (0x00000007124b54d8) 
thrown [s\src\hotspot\share\interpreter\linkResolver.cpp, line 773]
Event: 0.322 Thread 0x00000000688d3ac0 Exception <a 'java/lang/NoSuchMethodError'{0x000000071252d4d8}: 'java.lang.Object java.lang.invoke.DirectMethodHandle$Holder.invokeStaticInit(java.lang.Object, java.lang.Object, int, int, int, int)'> (0x000000071252d4d8) 
thrown [s\src\hotspot\share\interpreter\linkResolver.cpp, line 773]

ZGC Phase Switch (0 events):
No events

VM Operations (8 events):
Event: 0.048 Executing non-safepoint VM operation: HandshakeAllThreads (Deoptimize)
Event: 0.048 Executing non-safepoint VM operation: HandshakeAllThreads (Deoptimize) done
Event: 0.186 Executing non-safepoint VM operation: HandshakeAllThreads (Deoptimize)
Event: 0.186 Executing non-safepoint VM operation: HandshakeAllThreads (Deoptimize) done
Event: 0.190 Executing non-safepoint VM operation: HandshakeAllThreads (Deoptimize)
Event: 0.191 Executing non-safepoint VM operation: HandshakeAllThreads (Deoptimize) done
Event: 0.294 Executing non-safepoint VM operation: HandshakeAllThreads (Deoptimize)
Event: 0.294 Executing non-safepoint VM operation: HandshakeAllThreads (Deoptimize) done

Memory protections (0 events):
No events

Nmethod flushes (0 events):
No events

Events (20 events):
Event: 0.014 Thread 0x0000000000629110 Thread added: 0x0000000000629110
Event: 0.022 Thread 0x0000000000629110 Thread added: 0x00000000227f8090
Event: 0.023 Thread 0x0000000000629110 Thread added: 0x00000000227f9a10
Event: 0.023 Thread 0x0000000000629110 Thread added: 0x00000000228001c0
Event: 0.023 Thread 0x0000000000629110 Thread added: 0x00000000228024c0
Event: 0.023 Thread 0x0000000000629110 Thread added: 0x000000002280e100
Event: 0.023 Thread 0x0000000000629110 Thread added: 0x0000000022810d20
Event: 0.023 Thread 0x0000000000629110 Thread added: 0x00000000228127c0
Event: 0.023 Thread 0x0000000000629110 Thread added: 0x00000000228180c0
Event: 0.038 Thread 0x0000000000629110 Thread added: 0x0000000068636bd0
Event: 0.039 Thread 0x0000000000629110 Thread added: 0x000000006863e040
Event: 0.127 Thread 0x0000000000629110 Thread added: 0x000000006872f590
Event: 0.214 Thread 0x0000000000629110 Thread added: 0x0000000068870d40
Event: 0.215 Thread 0x0000000000629110 Thread added: 0x0000000068879e90
Event: 0.215 Thread 0x0000000000629110 Thread added: 0x000000006887da00
Event: 0.235 Thread 0x000000006887da00 Thread added: 0x00000000688ab2b0
Event: 0.288 Thread 0x0000000000629110 Thread added: 0x00000000688d3ac0
Event: 0.288 Thread 0x0000000000629110 Thread exited: 0x0000000000629110
Event: 0.288 Thread 0x0000000000629110 Thread added: 0x0000000000629110
Event: 0.429 Thread 0x00000000228180c0 Thread added: 0x000000006ad1ae50


Dynamic libraries:
0x00007ff64e930000 - 0x00007ff64e93e000 	C:\Program Files\Eclipse Adoptium\jdk-21.0.11.10-hotspot\bin\java.exe
0x00007ffb60f60000 - 0x00007ffb611c7000 	C:\WINDOWS\SYSTEM32\ntdll.dll
0x00007ffb606e0000 - 0x00007ffb607a9000 	C:\WINDOWS\System32\KERNEL32.DLL
0x00007ffb5dcc0000 - 0x00007ffb5e0b7000 	C:\WINDOWS\System32\KERNELBASE.dll
0x00007ffb5e0c0000 - 0x00007ffb5e20b000 	C:\WINDOWS\System32\ucrtbase.dll
0x00007ffb5a1a0000 - 0x00007ffb5a1b8000 	C:\Program Files\Eclipse Adoptium\jdk-21.0.11.10-hotspot\bin\jli.dll
0x00007ffb5a180000 - 0x00007ffb5a19e000 	C:\Program Files\Eclipse Adoptium\jdk-21.0.11.10-hotspot\bin\VCRUNTIME140.dll
0x00007ffb60c50000 - 0x00007ffb60e16000 	C:\WINDOWS\System32\USER32.dll
0x00007ffb5e440000 - 0x00007ffb5e467000 	C:\WINDOWS\System32\win32u.dll
0x00007ffb368f0000 - 0x00007ffb36b82000 	C:\WINDOWS\WinSxS\amd64_microsoft.windows.common-controls_6595b64144ccf1df_6.0.26100.8457_none_3e0b2faee331e92d\COMCTL32.dll
0x00007ffb5f3d0000 - 0x00007ffb5f3fb000 	C:\WINDOWS\System32\GDI32.dll
0x00007ffb5ed10000 - 0x00007ffb5edb9000 	C:\WINDOWS\System32\msvcrt.dll
0x00007ffb5d990000 - 0x00007ffb5dabc000 	C:\WINDOWS\System32\gdi32full.dll
0x00007ffb5e210000 - 0x00007ffb5e2b3000 	C:\WINDOWS\System32\msvcp_win.dll
0x00007ffb60930000 - 0x00007ffb60962000 	C:\WINDOWS\System32\IMM32.DLL
0x00007ffb5a170000 - 0x00007ffb5a17c000 	C:\Program Files\Eclipse Adoptium\jdk-21.0.11.10-hotspot\bin\vcruntime140_1.dll
0x00007ffb5a0e0000 - 0x00007ffb5a16d000 	C:\Program Files\Eclipse Adoptium\jdk-21.0.11.10-hotspot\bin\msvcp140.dll
0x00007ffac1470000 - 0x00007ffac2212000 	C:\Program Files\Eclipse Adoptium\jdk-21.0.11.10-hotspot\bin\server\jvm.dll
0x00007ffb60450000 - 0x00007ffb60506000 	C:\WINDOWS\System32\ADVAPI32.dll
0x00007ffb5f320000 - 0x00007ffb5f3c7000 	C:\WINDOWS\System32\sechost.dll
0x00007ffb60b30000 - 0x00007ffb60c48000 	C:\WINDOWS\System32\RPCRT4.dll
0x00007ffb60590000 - 0x00007ffb60610000 	C:\WINDOWS\System32\WS2_32.dll
0x00007ffb5d640000 - 0x00007ffb5d69e000 	C:\WINDOWS\SYSTEM32\POWRPROF.dll
0x00007ffb586c0000 - 0x00007ffb586f6000 	C:\WINDOWS\SYSTEM32\WINMM.dll
0x00007ffb588b0000 - 0x00007ffb588bb000 	C:\WINDOWS\SYSTEM32\VERSION.dll
0x00007ffb5d620000 - 0x00007ffb5d634000 	C:\WINDOWS\SYSTEM32\UMPDC.dll
0x00007ffb5c6f0000 - 0x00007ffb5c70b000 	C:\WINDOWS\SYSTEM32\kernel.appcore.dll
0x00007ffb5a0d0000 - 0x00007ffb5a0da000 	C:\Program Files\Eclipse Adoptium\jdk-21.0.11.10-hotspot\bin\jimage.dll
0x00007ffb5b780000 - 0x00007ffb5b9c2000 	C:\WINDOWS\SYSTEM32\DBGHELP.DLL
0x00007ffb5f400000 - 0x00007ffb5f783000 	C:\WINDOWS\System32\combase.dll
0x00007ffb601c0000 - 0x00007ffb60299000 	C:\WINDOWS\System32\OLEAUT32.dll
0x00007ffb3cd60000 - 0x00007ffb3cd9b000 	C:\WINDOWS\SYSTEM32\dbgcore.DLL
0x00007ffb5db80000 - 0x00007ffb5dc28000 	C:\WINDOWS\System32\bcryptPrimitives.dll
0x00007ffb5a0b0000 - 0x00007ffb5a0d0000 	C:\Program Files\Eclipse Adoptium\jdk-21.0.11.10-hotspot\bin\java.dll
0x00007ffb5f860000 - 0x00007ffb5ffce000 	C:\WINDOWS\System32\SHELL32.dll
0x00007ffb5e470000 - 0x00007ffb5ecdc000 	C:\WINDOWS\System32\windows.storage.dll
0x00007ffb60830000 - 0x00007ffb60926000 	C:\WINDOWS\System32\SHCORE.dll
0x00007ffb60520000 - 0x00007ffb60586000 	C:\WINDOWS\System32\shlwapi.dll
0x00007ffb5d8b0000 - 0x00007ffb5d8d9000 	C:\WINDOWS\SYSTEM32\profapi.dll
0x00007ffb59e20000 - 0x00007ffb59ef7000 	C:\Program Files\Eclipse Adoptium\jdk-21.0.11.10-hotspot\bin\jsvml.dll
0x00007ffb5a0a0000 - 0x00007ffb5a0b0000 	C:\Program Files\Eclipse Adoptium\jdk-21.0.11.10-hotspot\bin\net.dll
0x00007ffb58250000 - 0x00007ffb58379000 	C:\WINDOWS\SYSTEM32\WINHTTP.dll
0x00007ffb5cc70000 - 0x00007ffb5ccdc000 	C:\WINDOWS\system32\mswsock.dll
0x00007ffb5a080000 - 0x00007ffb5a096000 	C:\Program Files\Eclipse Adoptium\jdk-21.0.11.10-hotspot\bin\nio.dll
0x00007ffb5a060000 - 0x00007ffb5a078000 	C:\Program Files\Eclipse Adoptium\jdk-21.0.11.10-hotspot\bin\zip.dll
0x00007ffb59c90000 - 0x00007ffb59e1f000 	C:\Program Files\Eclipse Adoptium\jdk-21.0.11.10-hotspot\bin\awt.dll
0x00007ffb5a380000 - 0x00007ffb5a420000 	C:\WINDOWS\SYSTEM32\apphelp.dll
0x00007ffb356a0000 - 0x00007ffb356b8000 	C:\WINDOWS\system32\napinsp.dll
0x00007ffb5c1c0000 - 0x00007ffb5c2f2000 	C:\WINDOWS\SYSTEM32\DNSAPI.dll
0x00007ffb5c0d0000 - 0x00007ffb5c102000 	C:\WINDOWS\SYSTEM32\IPHLPAPI.DLL
0x00007ffb60510000 - 0x00007ffb6051a000 	C:\WINDOWS\System32\NSI.dll
0x00007ffb35680000 - 0x00007ffb35693000 	C:\WINDOWS\System32\winrnr.dll
0x00007ffb355f0000 - 0x00007ffb35612000 	C:\WINDOWS\system32\nlansp_c.dll
0x00007ffb35560000 - 0x00007ffb35576000 	C:\WINDOWS\system32\wshbth.dll
0x00007ffb448a0000 - 0x00007ffb448ab000 	C:\Windows\System32\rasadhlp.dll
0x00007ffb577e0000 - 0x00007ffb57866000 	C:\WINDOWS\System32\fwpuclnt.dll
0x00007ffb5a660000 - 0x00007ffb5a68f000 	C:\WINDOWS\system32\DWMAPI.DLL
0x00007ffb5a560000 - 0x00007ffb5a60a000 	C:\WINDOWS\system32\uxtheme.dll
0x00007ffb59b70000 - 0x00007ffb59c7f000 	C:\WINDOWS\system32\opengl32.dll
0x00007ffb5a030000 - 0x00007ffb5a05d000 	C:\WINDOWS\SYSTEM32\GLU32.dll
0x00007ffb5ab50000 - 0x00007ffb5ab95000 	C:\WINDOWS\SYSTEM32\dxcore.dll
0x00007ffb60970000 - 0x00007ffb60acc000 	C:\WINDOWS\System32\MSCTF.dll
0x00007ffb602a0000 - 0x00007ffb60437000 	C:\WINDOWS\System32\ole32.dll
0x00007ffb59ae0000 - 0x00007ffb59b6b000 	C:\Program Files\Eclipse Adoptium\jdk-21.0.11.10-hotspot\bin\freetype.dll
0x00007ffb58500000 - 0x00007ffb585fa000 	C:\Program Files\Eclipse Adoptium\jdk-21.0.11.10-hotspot\bin\fontmanager.dll
0x00007ffb35a60000 - 0x00007ffb35b13000 	C:\WINDOWS\SYSTEM32\TextShaping.dll
0x00007ffb351b0000 - 0x00007ffb352f6000 	C:\WINDOWS\SYSTEM32\textinputframework.dll
0x00007ffb5cf70000 - 0x00007ffb5cf8b000 	C:\WINDOWS\SYSTEM32\CRYPTSP.dll
0x00007ffb5c650000 - 0x00007ffb5c689000 	C:\WINDOWS\system32\rsaenh.dll
0x00007ffb5cd40000 - 0x00007ffb5cd73000 	C:\WINDOWS\SYSTEM32\USERENV.dll
0x00007ffb5d880000 - 0x00007ffb5d8aa000 	C:\WINDOWS\SYSTEM32\bcrypt.dll
0x00007ffb5cf90000 - 0x00007ffb5cf9c000 	C:\WINDOWS\SYSTEM32\CRYPTBASE.dll

JVMTI agents: none

dbghelp: loaded successfully - version: 4.0.5 - missing functions: none
symbol engine: initialized successfully - sym options: 0x614 - pdb path: .;C:\Program Files\Eclipse Adoptium\jdk-21.0.11.10-hotspot\bin;C:\WINDOWS\SYSTEM32;C:\WINDOWS\WinSxS\amd64_microsoft.windows.common-controls_6595b64144ccf1df_6.0.26100.8457_none_3e0b2faee331e92d;C:\Program Files\Eclipse Adoptium\jdk-21.0.11.10-hotspot\bin\server

VM Arguments:
jvm_args: -Dsun.java2d.noddraw=true -Drs254.logDir=C:\Users\Callum\Downloads\Project\Github\Progressive-Java-Client\logs --enable-native-access=ALL-UNNAMED --add-opens=java.base/java.lang=ALL-UNNAMED --add-opens=java.base/java.lang.reflect=ALL-UNNAMED -XX:ErrorFile=C:\Users\Callum\Downloads\Project\Github\Progressive-Java-Client\logs\jvm_crash_%p.log 
java_command: target\Progressive-Java-Client.jar 10 0 highmem members 32
java_class_path (initial): target\Progressive-Java-Client.jar
Launcher Type: SUN_STANDARD

[Global flags]
     intx CICompilerCount                          = 4                                         {product} {ergonomic}
     uint ConcGCThreads                            = 3                                         {product} {ergonomic}
    ccstr ErrorFile                                = C:\Users\Callum\Downloads\Project\Github\Progressive-Java-Client\logs\jvm_crash_%p.log            {product} {command line}
     uint G1ConcRefinementThreads                  = 10                                        {product} {ergonomic}
   size_t G1HeapRegionSize                         = 2097152                                   {product} {ergonomic}
    uintx GCDrainStackTargetSize                   = 64                                        {product} {ergonomic}
   size_t InitialHeapSize                          = 266338304                                 {product} {ergonomic}
   size_t MarkStackSize                            = 4194304                                   {product} {ergonomic}
   size_t MaxHeapSize                              = 4242538496                                {product} {ergonomic}
   size_t MaxNewSize                               = 2543845376                                {product} {ergonomic}
   size_t MinHeapDeltaBytes                        = 2097152                                   {product} {ergonomic}
   size_t MinHeapSize                              = 8388608                                   {product} {ergonomic}
    uintx NonNMethodCodeHeapSize                   = 5839372                                {pd product} {ergonomic}
    uintx NonProfiledCodeHeapSize                  = 122909434                              {pd product} {ergonomic}
    uintx ProfiledCodeHeapSize                     = 122909434                              {pd product} {ergonomic}
    uintx ReservedCodeCacheSize                    = 251658240                              {pd product} {ergonomic}
     bool SegmentedCodeCache                       = true                                      {product} {ergonomic}
   size_t SoftMaxHeapSize                          = 4242538496                             {manageable} {ergonomic}
     bool UseCompressedOops                        = true                           {product lp64_product} {ergonomic}
     bool UseG1GC                                  = true                                      {product} {ergonomic}
     bool UseLargePagesIndividualAllocation        = false                                  {pd product} {ergonomic}

Logging:
Log output configuration:
 #0: stdout all=warning uptime,level,tags foldmultilines=false
 #1: stderr all=off uptime,level,tags foldmultilines=false

Release file:
IMPLEMENTOR="Eclipse Adoptium" 
IMPLEMENTOR_VERSION="Temurin-21.0.11+10" 
JAVA_RUNTIME_VERSION="21.0.11+10-LTS" 
JAVA_VERSION="21.0.11" 
JAVA_VERSION_DATE="2026-04-21" 
LIBC="default" 
MODULES="java.base java.compiler java.datatransfer java.xml java.prefs java.desktop java.instrument java.logging java.management java.security.sasl java.naming java.rmi java.management.rmi java.net.http java.scripting java.security.jgss java.transaction.xa java.sql java.sql.rowset java.xml.crypto java.se java.smartcardio jdk.accessibility jdk.internal.jvmstat jdk.attach jdk.charsets jdk.internal.opt jdk.zipfs jdk.compiler jdk.crypto.ec jdk.crypto.cryptoki jdk.crypto.mscapi jdk.dynalink jdk.internal.ed jdk.editpad jdk.hotspot.agent jdk.httpserver jdk.incubator.vector jdk.internal.le jdk.internal.vm.ci jdk.internal.vm.compiler jdk.internal.vm.compiler.management jdk.jartool jdk.javadoc jdk.jcmd jdk.management jdk.management.agent jdk.jconsole jdk.jdeps jdk.jdwp.agent jdk.jdi jdk.jfr jdk.jlink jdk.jpackage jdk.jshell jdk.jsobject jdk.jstatd jdk.localedata jdk.management.jfr jdk.naming.dns jdk.naming.rmi jdk.net jdk.nio.mapmode jdk.random jdk.sctp jdk.security.auth jdk.security.jgss jdk.unsupported jdk.unsupported.desktop jdk.xml.dom" 
OS_ARCH="x86_64" 
OS_NAME="Windows" 
SOURCE=".:git:254494ad7d75" 
BUILD_SOURCE="git:a612825ee82a20ac872d60958c349854c1f29a8e"
BUILD_SOURCE_REPO="https://github.com/adoptium/temurin-build.git"
SOURCE_REPO="https://github.com/adoptium/jdk21u.git"
FULL_VERSION="21.0.11+10-LTS"
SEMANTIC_VERSION="21.0.11+10"
BUILD_INFO="OS: Windows Server 2022 Version: 10.0"
JVM_VARIANT="Hotspot"
JVM_VERSION="21.0.11+10-LTS"
IMAGE_TYPE="JDK"

Environment Variables:
JAVA_HOME=C:\Program Files\Eclipse Adoptium\jdk-21.0.11.10-hotspot\
PATH=C:\Program Files\Eclipse Adoptium\jdk-21.0.11.10-hotspot\bin;C:\Program Files\Eclipse Adoptium\jdk-25.0.3.9-hotspot\bin;C:\Program Files\Common Files\Oracle\Java\javapath;C:\Program Files (x86)\Common Files\Oracle\Java\java8path;C:\Program Files (x86)\Common Files\Oracle\Java\javapath;C:\Program Files (x86)\Razer\ChromaBroadcast\bin;C:\Program Files\Razer\ChromaBroadcast\bin;C:\Program Files (x86)\ImageMagick-7.1.2-Q16;C:\WINDOWS\system32;C:\WINDOWS;C:\WINDOWS\System32\Wbem;C:\WINDOWS\System32\WindowsPowerShell\v1.0\;C:\WINDOWS\System32\OpenSSH\;C:\Program Files\NVIDIA Corporation\NVIDIA app\NvDLISR;C:\Program Files (x86)\NVIDIA Corporation\PhysX\Common;C:\Program Files\dotnet\;C:\Program Files\Apollo;C:\Program Files\Apollo\tools;C:\Users\Callum\AppData\Local\Programs\Python\Python313;C:\Program Files\Topaz Labs LLC\Topaz Gigapixel AI\bin\;C:\WINDOWS\system32\config\systemprofile\AppData\Local\Microsoft\WindowsApps;C:\Program Files (x86)\Razer Chroma SDK\bin;C:\Program Files\Razer Chroma SDK\bin;C:\Users\Callum\scoop\apps\python\current\Scripts;C:\Users\Callum\scoop\apps\python\current;C:\Users\Callum\scoop\shims;C:\Users\Callum\AppData\Local\Programs\Python\Launcher\;C:\Users\Callum\AppData\Local\Microsoft\WindowsApps;C:\Users\Callum\AppData\Roaming\npm;C:\Users\Callum\AppData\Local\Muse Hub\lib;c:\users\callum\.local\bin;C:\ffmpeg\bin;C:\Bento\bin;C:\Program Files\Sunshine;C:\Program Files\Sunshine\tools;C:\Program Files\Git\cmd;C:\Program Files\MySQL\MySQL Server 8.4\bin\;C:\Program Files\CMake\bin;C:\Program Files\Crucial\Crucial Storage Executive;%NVM_HOME%;%NVM_SYMLINK%;C:\Program Files\Go\bin;C:\Users\Callum\scoop\apps\python\current\Scripts;C:\Users\Callum\scoop\apps\python\current;C:\Users\Callum\scoop\shims;C:\Users\Callum\AppData\Local\Programs\Python\Launcher\;C:\Users\Callum\AppData\Local\Microsoft\WindowsApps;C:\Users\Callum\AppData\Local\Muse Hub\lib;C:\Users\Callum\AppData\Local\Programs\Python\Python313;c:\users\callum\.local\bin;C:\Users\Callum\.bun\bin;C:\Program Files\Java\jdk-21.0.2\bin;C:\Users\Callum\AppData\Local\GitHubDesktop\bin;C:\Users\Callum\AppData\Local\Programs\Microsoft VS Code\bin;C:\Users\Callum\.dotnet\tools;C:\Users\Callum\AppData\Local\Programs\cursor\resources\app\bin;C:\Users\Callum\AppData\Roaming\npm;C:\Users\Callum\AppData\Local\nvm;C:\nvm4w\nodejs;C:\Users\Callum\go\bin;C:\Program Files\Go\bin;C:\Program Files\GitHub CLI\;C:\Ruby33-x64\bin;C:\Ruby40-x64\bin;C:\Users\Callum\scoop\apps\python\current\Scripts;C:\Users\Callum\scoop\apps\python\current;C:\Users\Callum\scoop\shims;C:\Users\Callum\AppData\Local\Programs\Python\Launcher\;C:\Users\Callum\AppData\Local\Microsoft\WindowsApps;C:\Users\Callum\AppData\Local\Muse Hub\lib;C:\Users\Callum\AppData\Local\Programs\Python\Python313;c:\users\callum\.local\bin;C:\Users\Callum\.bun\bin;C:\Program Files\Java\jdk-21.0.2\bin;C:\Users\Callum\AppData\Local\GitHubDesktop\bin;C:\Users\Callum\.dotnet\tools;C:\Users\Callum\AppData\Roaming\npm;C:\Users\Callum\AppData\Local\nvm;C:\nvm4w\nodejs;C:\Users\Callum\go\bin;C:\Users\Callum\AppData\Local\Programs\Microsoft VS Code\bin
USERNAME=Callum
OS=Windows_NT
PROCESSOR_IDENTIFIER=AMD64 Family 25 Model 80 Stepping 0, AuthenticAMD
TMP=C:\Users\Callum\AppData\Local\Temp
TEMP=C:\Users\Callum\AppData\Local\Temp




Periodic native trim disabled

---------------  S Y S T E M  ---------------

OS:
 Windows 11 , 64 bit Build 26100 (10.0.26100.8328)
OS uptime: 4 days 4:14 hours
Hyper-V role detected

CPU: total 12 (initial active 12) (12 cores per cpu, 2 threads per core) family 25 model 80 stepping 0 microcode 0xa500014, cx8, cmov, fxsr, ht, mmx, 3dnowpref, sse, sse2, sse3, ssse3, sse4a, sse4.1, sse4.2, popcnt, lzcnt, tsc, tscinvbit, avx, avx2, aes, erms, clmul, bmi1, bmi2, adx, sha, fma, vzeroupper, clflush, clflushopt, hv, rdtscp, rdpid, fsrm, f16c, cet_ss
Processor Information for the first 12 processors :
  Max Mhz: 3901, Current Mhz: 3901, Mhz Limit: 3901

Memory: 4k page, system-wide physical 16176M (840M free)
TotalPageFile size 24493M (AvailPageFile size 2M)
current process WorkingSet (physical memory assigned to process): 79M, peak: 79M
current process commit charge ("private bytes"): 354M, peak: 354M

vm_info: OpenJDK 64-Bit Server VM (21.0.11+10-LTS) for windows-amd64 JRE (21.0.11+10-LTS), built on 2026-04-21T00:00:00Z by "admin" with MS VC++ 17.12 (VS2022)

END.
